
 ⛅️ wrangler 4.82.2 (update available 4.84.1)
─────────────────────────────────────────────
✨ Compiled Worker successfully
Your Worker has access to the following bindings:
Binding                                                                   Resource                  Mode
env.CF_PAGES ("1")                                                        Environment Variable      local
env.CF_PAGES_BRANCH ("main")                                              Environment Variable      local
env.CF_PAGES_COMMIT_SHA ("8ea14cdd8a25ead718a4558b82b7f5e8f21e1...")      Environment Variable      local
env.CF_PAGES_URL ("https://8ea14cd.webapp.pages.dev")                     Environment Variable      local

⎔ Starting local server...
[wrangler:info] Ready on http://0.0.0.0:3000
[wrangler:info] - http://127.0.0.1:3000
[wrangler:info] - http://169.254.0.21:3000
[wrangler:info] HEAD / 200 OK (121ms)
[wrangler:info] GET / 200 OK (9ms)
[wrangler:info] GET /api/stats 200 OK (8ms)
[wrangler:info] GET /api/patients 200 OK (5ms)
[wrangler:info] GET /api/vitals/P001 200 OK (7ms)
[wrangler:info] GET /api/patients/P001 200 OK (6ms)
[wrangler:info] GET /api/patients 200 OK (7ms)
[wrangler:info] GET /api/stats 200 OK (6ms)
[wrangler:info] GET /api/stats 200 OK (5ms)
[wrangler:info] GET /api/vitals/P001 200 OK (6ms)
[wrangler:info] GET /api/patients/P001 200 OK (5ms)
[wrangler:info] GET /api/patients 200 OK (5ms)
[wrangler:info] GET /api/stats 200 OK (7ms)
[wrangler:info] GET /api/patients 200 OK (5ms)
[wrangler:info] GET /api/stats 200 OK (5ms)
[wrangler:info] GET /api/vitals/P001 200 OK (5ms)
[wrangler:info] GET /api/patients/P001 200 OK (5ms)
[wrangler:info] GET /api/stats 200 OK (4ms)
[wrangler:info] GET /api/patients 200 OK (6ms)
[wrangler:info] GET /api/vitals/P001 200 OK (6ms)
[wrangler:info] GET /api/patients/P001 200 OK (6ms)
[wrangler:info] GET /api/patients 200 OK (7ms)
[wrangler:info] GET /api/stats 200 OK (7ms)
[wrangler:info] GET /api/vitals/P004 200 OK (5ms)
[wrangler:info] GET /api/stats 200 OK (5ms)
[wrangler:info] GET /api/vitals/P001 200 OK (5ms)
[wrangler:info] GET /api/patients/P001 200 OK (7ms)
[wrangler:info] GET /api/stats 200 OK (5ms)
[wrangler:info] GET /api/patients 200 OK (4ms)
[wrangler:info] GET /api/alerts 200 OK (5ms)
[wrangler:info] GET /api/vitals/P001 200 OK (5ms)
[wrangler:info] GET /api/stats 200 OK (5ms)
[wrangler:info] GET /api/patients/P001 200 OK (5ms)
[wrangler:info] GET /api/stats 200 OK (4ms)
[wrangler:info] GET /api/patients 200 OK (5ms)
[wrangler:info] GET /api/vitals/P001 200 OK (5ms)
[wrangler:info] GET /api/patients/P001 200 OK (5ms)
[wrangler:info] GET /api/patients 200 OK (5ms)
[wrangler:info] GET /api/stats 200 OK (4ms)
[wrangler:info] GET /api/stats 200 OK (5ms)
[wrangler:info] GET /api/vitals/P001 200 OK (5ms)
[wrangler:info] GET /api/patients/P001 200 OK (5ms)
[wrangler:info] GET /api/stats 200 OK (4ms)
[wrangler:info] GET /api/patients 200 OK (5ms)
[wrangler:info] GET /api/vitals/P001 200 OK (7ms)
[wrangler:info] GET /api/patients/P001 200 OK (7ms)
[wrangler:info] GET /api/stats 200 OK (5ms)
[wrangler:info] GET /api/patients 200 OK (5ms)
[wrangler:info] GET / 200 OK (7ms)
[wrangler:info] GET /api/stats 200 OK (4ms)
[wrangler:info] GET /api/stats 200 OK (4ms)
[wrangler:info] GET /api/patients 200 OK (4ms)
[wrangler:info] GET /favicon.ico 500 Internal Server Error (11ms)
[wrangler:info] GET /api/vitals/P001 200 OK (5ms)
[wrangler:info] GET /api/patients/P001 200 OK (5ms)
[wrangler:info] GET /api/stats 200 OK (6ms)
[wrangler:info] GET /api/patients 200 OK (7ms)
[wrangler:info] GET /api/vitals/P001 200 OK (4ms)
[wrangler:info] GET /api/patients/P001 200 OK (5ms)
[wrangler:info] GET /api/stats 200 OK (4ms)
[wrangler:info] GET /api/patients 200 OK (6ms)
[wrangler:info] GET /api/vitals/P001 200 OK (5ms)
[wrangler:info] GET /api/patients/P001 200 OK (6ms)
[wrangler:info] GET /api/stats 200 OK (7ms)
[wrangler:info] GET /api/patients 200 OK (10ms)
[wrangler:info] GET /api/stats 200 OK (5ms)
[wrangler:info] GET /api/vitals/P001 200 OK (5ms)
[wrangler:info] GET /api/patients/P001 200 OK (5ms)
[wrangler:info] GET /api/patients 200 OK (6ms)
[wrangler:info] GET /api/stats 200 OK (8ms)
[wrangler:info] GET /api/stats 200 OK (4ms)
[wrangler:info] GET /api/vitals/P001 200 OK (6ms)
[wrangler:info] GET /api/patients/P001 200 OK (5ms)
[wrangler:info] GET /api/vitals/P001 200 OK (5ms)
[wrangler:info] GET /api/patients/P001 200 OK (5ms)
[wrangler:info] GET /api/patients 200 OK (10ms)
[wrangler:info] GET /api/stats 200 OK (11ms)
[wrangler:info] GET /api/stats 200 OK (5ms)
[wrangler:info] GET /api/vitals/P001 200 OK (6ms)
[wrangler:info] GET /api/patients/P001 200 OK (5ms)
[wrangler:info] GET /api/stats 200 OK (8ms)
[wrangler:info] GET /api/patients 200 OK (10ms)
[wrangler:info] GET /api/vitals/P001 200 OK (7ms)
[wrangler:info] GET /api/patients/P001 200 OK (5ms)
[wrangler:info] GET /api/stats 200 OK (5ms)
[wrangler:info] GET /api/patients 200 OK (5ms)
[wrangler:info] GET /api/stats 200 OK (5ms)
[wrangler:info] GET /api/vitals/P001 200 OK (4ms)
[wrangler:info] GET /api/patients/P001 200 OK (5ms)
[wrangler:info] GET /api/stats 200 OK (4ms)
[wrangler:info] GET /api/patients 200 OK (4ms)
[wrangler:info] GET /api/vitals/P001 200 OK (5ms)
[wrangler:info] GET /api/stats 200 OK (5ms)
[wrangler:info] GET /api/patients/P001 200 OK (5ms)
[wrangler:info] GET /api/stats 200 OK (5ms)
[wrangler:info] GET /api/patients 200 OK (5ms)
[wrangler:info] GET /api/vitals/P001 200 OK (5ms)
[wrangler:info] GET /api/patients/P001 200 OK (5ms)
[wrangler:info] GET /api/stats 200 OK (4ms)
[wrangler:info] GET /api/patients 200 OK (5ms)
[wrangler:info] GET /api/stats 200 OK (7ms)
[wrangler:info] GET /api/vitals/P001 200 OK (3ms)
[wrangler:info] GET /api/patients/P001 200 OK (4ms)
[wrangler:info] GET /api/stats 200 OK (3ms)
[wrangler:info] GET /api/patients 200 OK (4ms)
✨ Compiled Worker successfully
⎔ Reloading local server...
⎔ Local server updated and ready
[wrangler:info] GET /api/vitals/P001 200 OK (28ms)
[wrangler:info] GET /api/patients/P001 200 OK (6ms)
[wrangler:info] GET /api/stats 200 OK (6ms)
[wrangler:info] GET /api/patients 200 OK (6ms)
[wrangler:info] GET /api/stats 200 OK (9ms)

 ⛅️ wrangler 4.82.2 (update available 4.84.1)
─────────────────────────────────────────────
✨ Compiled Worker successfully
Your Worker has access to the following bindings:
Binding                                                                   Resource                  Mode
env.CF_PAGES ("1")                                                        Environment Variable      local
env.CF_PAGES_BRANCH ("main")                                              Environment Variable      local
env.CF_PAGES_COMMIT_SHA ("8ea14cdd8a25ead718a4558b82b7f5e8f21e1...")      Environment Variable      local
env.CF_PAGES_URL ("https://8ea14cd.webapp.pages.dev")                     Environment Variable      local

⎔ Starting local server...
[wrangler:info] Ready on http://0.0.0.0:3000
[wrangler:info] - http://127.0.0.1:3000
[wrangler:info] - http://169.254.0.21:3000
[wrangler:info] GET /api/vitals/P001 200 OK (27ms)
[wrangler:info] GET /api/stats 200 OK (26ms)
[wrangler:info] GET /api/patients/P001 200 OK (6ms)
[wrangler:info] GET / 200 OK (8ms)
[wrangler:info] GET /api/stats 200 OK (8ms)
[wrangler:info] GET /api/patients 200 OK (15ms)
[wrangler:info] GET /api/stats 200 OK (15ms)
[wrangler:info] GET /favicon.ico 204 No Content (4ms)
[wrangler:info] GET / 200 OK (8ms)
[wrangler:info] GET /api/stats 200 OK (5ms)
[wrangler:info] GET /api/patients 200 OK (6ms)
[wrangler:info] GET /favicon.ico 204 No Content (5ms)
[wrangler:info] GET /api/vitals/P001 200 OK (9ms)
[wrangler:info] GET /api/patients/P001 200 OK (5ms)
[wrangler:info] GET /api/patients 200 OK (6ms)
[wrangler:info] GET /api/stats 200 OK (6ms)
[wrangler:info] GET /api/vitals/P001 200 OK (5ms)
[wrangler:info] GET /api/patients/P001 200 OK (8ms)
[wrangler:info] GET /api/patients 200 OK (6ms)
[wrangler:info] GET /api/stats 200 OK (8ms)
[wrangler:info] GET /api/stats 200 OK (5ms)
[wrangler:info] GET /api/vitals/P001 200 OK (7ms)
[wrangler:info] GET /api/patients/P001 200 OK (4ms)
[wrangler:info] GET /api/stats 200 OK (6ms)
[wrangler:info] GET /api/patients 200 OK (5ms)
[wrangler:info] GET /api/vitals/P001 200 OK (8ms)
[wrangler:info] GET /api/stats 200 OK (7ms)
[wrangler:info] GET /api/patients/P001 200 OK (5ms)
[wrangler:info] GET /api/stats 200 OK (5ms)
[wrangler:info] GET /api/patients 200 OK (6ms)
[wrangler:info] GET /api/vitals/P001 200 OK (6ms)
[wrangler:info] GET /api/stats 200 OK (6ms)
[wrangler:info] GET /api/patients/P001 200 OK (5ms)
[wrangler:info] GET /api/patients 200 OK (7ms)
[wrangler:info] GET /api/stats 200 OK (5ms)
[wrangler:info] GET /api/vitals/P001 200 OK (5ms)
[wrangler:info] GET /api/patients/P001 200 OK (4ms)
[wrangler:info] GET /api/patients 200 OK (6ms)
[wrangler:info] GET /api/stats 200 OK (6ms)
[wrangler:info] GET /api/stats 200 OK (7ms)
[wrangler:info] GET /api/vitals/P001 200 OK (5ms)
[wrangler:info] GET /api/patients/P001 200 OK (5ms)
[wrangler:info] GET /api/stats 200 OK (6ms)
[wrangler:info] GET /api/patients 200 OK (6ms)
[wrangler:info] GET /api/vitals/P001 200 OK (9ms)
[wrangler:info] GET /api/patients/P001 200 OK (7ms)
[wrangler:info] GET /api/patients 200 OK (7ms)
[wrangler:info] GET /api/stats 200 OK (8ms)
[wrangler:info] GET /api/stats 200 OK (5ms)
[wrangler:info] GET /api/vitals/P001 200 OK (5ms)
[wrangler:info] GET /api/patients/P001 200 OK (5ms)
[wrangler:info] GET /api/stats 200 OK (4ms)
[wrangler:info] GET /api/patients 200 OK (4ms)
[wrangler:info] GET /api/vitals/P001 200 OK (5ms)
[wrangler:info] GET /api/stats 200 OK (6ms)
[wrangler:info] GET /api/patients/P001 200 OK (4ms)
[wrangler:info] GET /api/stats 200 OK (4ms)
[wrangler:info] GET /api/patients 200 OK (5ms)
[wrangler:info] GET /api/vitals/P001 200 OK (5ms)
[wrangler:info] GET /api/patients/P001 200 OK (5ms)
[wrangler:info] GET /api/stats 200 OK (6ms)
[wrangler:info] GET /api/patients 200 OK (8ms)
[wrangler:info] GET /api/stats 200 OK (5ms)
[wrangler:info] GET /api/vitals/P001 200 OK (7ms)
[wrangler:info] GET /api/patients/P001 200 OK (5ms)
[wrangler:info] GET /api/stats 200 OK (8ms)
[wrangler:info] GET /api/patients 200 OK (6ms)
[wrangler:info] GET /api/vitals/P001 200 OK (5ms)
[wrangler:info] GET /api/patients/P001 200 OK (5ms)
[wrangler:info] GET /api/stats 200 OK (5ms)
[wrangler:info] GET /api/patients 200 OK (8ms)
[wrangler:info] GET /api/stats 200 OK (7ms)
[wrangler:info] GET /api/vitals/P001 200 OK (6ms)
[wrangler:info] GET /api/vitals/P002 200 OK (6ms)
[wrangler:info] GET /api/patients/P001 200 OK (5ms)
[wrangler:info] GET /api/patients/P002 200 OK (5ms)
[wrangler:info] GET /api/patients 200 OK (8ms)
[wrangler:info] GET /api/stats 200 OK (5ms)
[wrangler:info] GET /api/patients 200 OK (6ms)
[wrangler:info] GET /api/stats 200 OK (4ms)
[wrangler:info] GET /api/stats 200 OK (5ms)
[wrangler:info] GET /api/vitals/P002 200 OK (7ms)
[wrangler:info] GET /api/patients/P002 200 OK (8ms)
[wrangler:info] GET /api/stats 200 OK (6ms)
[wrangler:info] GET /api/patients 200 OK (5ms)
[wrangler:info] GET /api/vitals/P002 200 OK (5ms)
[wrangler:info] GET /api/patients/P002 200 OK (6ms)
[wrangler:info] GET /api/stats 200 OK (7ms)
[wrangler:info] GET /api/patients 200 OK (8ms)
[wrangler:info] GET /api/stats 200 OK (4ms)
[wrangler:info] GET /api/vitals/P002 200 OK (5ms)
[wrangler:info] GET /api/patients/P002 200 OK (5ms)
[wrangler:info] GET /api/patients 200 OK (5ms)
[wrangler:info] GET /api/stats 200 OK (5ms)
[wrangler:info] GET /api/vitals/P002 200 OK (5ms)
[wrangler:info] GET /api/patients/P002 200 OK (5ms)
[wrangler:info] GET /api/stats 200 OK (6ms)
[wrangler:info] GET /api/patients 200 OK (5ms)
[wrangler:info] GET /api/stats 200 OK (4ms)
[wrangler:info] HEAD / 200 OK (7ms)
[wrangler:info] GET / 200 OK (6ms)
[wrangler:info] GET /api/stats 200 OK (5ms)
[wrangler:info] GET /api/patients 200 OK (5ms)
[wrangler:info] GET /api/vitals/P001 200 OK (5ms)
[wrangler:info] GET /api/patients/P001 200 OK (4ms)
[wrangler:info] GET /api/stats 200 OK (5ms)
[wrangler:info] GET /api/patients 200 OK (5ms)
[wrangler:info] HEAD / 200 OK (5ms)
[wrangler:info] GET / 200 OK (7ms)
[wrangler:info] GET /api/vitals/P001 200 OK (5ms)
[wrangler:info] GET /api/patients/P001 200 OK (5ms)
[wrangler:info] GET /api/stats 200 OK (9ms)
[wrangler:info] GET /api/patients 200 OK (7ms)
[wrangler:info] GET /api/stats 200 OK (5ms)
[wrangler:info] GET /api/patients 200 OK (5ms)
[wrangler:info] GET /favicon.ico 204 No Content (4ms)
[wrangler:info] GET /api/vitals/P001 200 OK (5ms)
[wrangler:info] GET /api/patients/P001 200 OK (7ms)
[wrangler:info] GET /api/patients 200 OK (5ms)
[wrangler:info] GET /api/stats 200 OK (8ms)
[wrangler:info] GET /api/stats 200 OK (5ms)
[wrangler:info] GET /api/vitals/P001 200 OK (5ms)
[wrangler:info] GET /api/patients/P001 200 OK (4ms)
[wrangler:info] GET /api/stats 200 OK (6ms)
[wrangler:info] GET /api/patients 200 OK (7ms)
[wrangler:info] GET /api/vitals/P001 200 OK (5ms)
[wrangler:info] GET /api/patients/P001 200 OK (5ms)
[wrangler:info] GET /api/stats 200 OK (5ms)
[wrangler:info] GET /api/patients 200 OK (5ms)
[wrangler:info] GET /api/stats 200 OK (5ms)
[wrangler:info] GET /api/vitals/P001 200 OK (6ms)
[wrangler:info] GET /api/patients/P001 200 OK (5ms)
[wrangler:info] GET /api/stats 200 OK (5ms)
[wrangler:info] GET /api/patients 200 OK (7ms)
[wrangler:info] GET /api/vitals/P001 200 OK (5ms)
[wrangler:info] GET /api/patients/P001 200 OK (8ms)
[wrangler:info] GET /api/stats 200 OK (5ms)
[wrangler:info] GET /api/patients 200 OK (6ms)
[wrangler:info] GET /api/stats 200 OK (5ms)
[wrangler:info] GET /api/vitals/P001 200 OK (5ms)
[wrangler:info] GET /api/patients/P001 200 OK (5ms)
[wrangler:info] GET /api/stats 200 OK (6ms)
[wrangler:info] GET /api/patients 200 OK (5ms)
[wrangler:info] GET /api/vitals/P001 200 OK (8ms)
[wrangler:info] GET /api/patients/P001 200 OK (5ms)
[wrangler:info] GET /api/stats 200 OK (5ms)
[wrangler:info] GET /api/patients 200 OK (8ms)
[wrangler:info] GET /api/vitals/P002 200 OK (6ms)
[wrangler:info] GET /api/stats 200 OK (6ms)
[wrangler:info] GET /api/patients/P002 200 OK (5ms)
[wrangler:info] GET /api/stats 200 OK (6ms)
[wrangler:info] GET /api/patients 200 OK (5ms)
[wrangler:info] GET /api/vitals/P003 200 OK (6ms)
[wrangler:info] GET /api/patients/P003 200 OK (7ms)
[wrangler:info] GET /api/stats 200 OK (4ms)
[wrangler:info] GET /api/vitals/P001 200 OK (6ms)
[wrangler:info] GET /api/patients 200 OK (9ms)
[wrangler:info] GET /api/stats 200 OK (6ms)
[wrangler:info] GET /api/patients/P001 200 OK (4ms)
[wrangler:info] GET /api/stats 200 OK (6ms)
[wrangler:info] GET /api/patients 200 OK (5ms)
[wrangler:info] GET /api/vitals/P004 200 OK (7ms)
[wrangler:info] GET /api/patients/P004 200 OK (5ms)
[wrangler:info] GET /api/patients 200 OK (5ms)
[wrangler:info] GET /api/stats 200 OK (6ms)
[wrangler:info] GET /api/vitals/P001 200 OK (6ms)
[wrangler:info] GET /api/patients/P001 200 OK (5ms)
[wrangler:info] GET /api/stats 200 OK (5ms)
[wrangler:info] GET /api/patients 200 OK (6ms)
[wrangler:info] GET /api/stats 200 OK (5ms)
[wrangler:info] GET /api/vitals/P004 200 OK (5ms)
[wrangler:info] GET /api/vitals/P006 200 OK (7ms)
[wrangler:info] GET /api/patients/P004 200 OK (5ms)
[wrangler:info] GET /api/patients/P006 200 OK (5ms)
[wrangler:info] GET /api/stats 200 OK (5ms)
[wrangler:info] GET /api/patients 200 OK (4ms)
[wrangler:info] GET /api/stats 200 OK (6ms)
[wrangler:info] GET /api/patients 200 OK (8ms)
[wrangler:info] GET /api/stats 200 OK (5ms)
[wrangler:info] GET /api/vitals/P001 200 OK (5ms)
[wrangler:info] GET /api/patients/P001 200 OK (5ms)
[wrangler:info] GET /api/stats 200 OK (10ms)
[wrangler:info] GET /api/patients 200 OK (11ms)
[wrangler:info] GET /api/vitals/P006 200 OK (6ms)
[wrangler:info] GET /api/patients/P006 200 OK (5ms)
[wrangler:info] GET /api/stats 200 OK (5ms)
[wrangler:info] GET /api/patients 200 OK (5ms)
[wrangler:info] GET /api/stats 200 OK (5ms)
[wrangler:info] GET /api/vitals/P001 200 OK (5ms)
[wrangler:info] GET /api/patients/P001 200 OK (7ms)
[wrangler:info] GET /api/stats 200 OK (5ms)
[wrangler:info] GET /api/patients 200 OK (3ms)
[wrangler:info] GET /api/stats 200 OK (4ms)
[wrangler:info] GET /api/vitals/P006 200 OK (8ms)
[wrangler:info] GET /api/patients/P006 200 OK (5ms)
[wrangler:info] GET /api/stats 200 OK (5ms)
[wrangler:info] GET /api/patients 200 OK (7ms)
[wrangler:info] GET /api/vitals/P001 200 OK (5ms)
[wrangler:info] GET /api/patients/P001 200 OK (5ms)
[wrangler:info] GET /api/stats 200 OK (5ms)
[wrangler:info] GET /api/patients 200 OK (5ms)
[wrangler:info] GET /api/vitals/P006 200 OK (5ms)
[wrangler:info] GET /api/patients/P006 200 OK (4ms)
[wrangler:info] GET /api/stats 200 OK (5ms)
[wrangler:info] GET /api/patients 200 OK (5ms)
[wrangler:info] GET /api/stats 200 OK (5ms)
[wrangler:info] GET /api/vitals/P001 200 OK (8ms)
[wrangler:info] GET /api/stats 200 OK (9ms)
[wrangler:info] GET /api/patients/P001 200 OK (4ms)
[wrangler:info] GET /api/stats 200 OK (5ms)
[wrangler:info] GET /api/patients 200 OK (5ms)
[wrangler:info] GET /api/vitals/P006 200 OK (5ms)
[wrangler:info] GET /api/patients/P006 200 OK (5ms)
[wrangler:info] GET /api/stats 200 OK (4ms)
[wrangler:info] GET /api/patients 200 OK (4ms)
[wrangler:info] GET /api/vitals/P001 200 OK (8ms)
[wrangler:info] GET /api/patients/P001 200 OK (5ms)
[wrangler:info] GET /api/stats 200 OK (9ms)
[wrangler:info] GET /api/patients 200 OK (11ms)
[wrangler:info] HEAD / 200 OK (6ms)
[wrangler:info] GET / 200 OK (6ms)
[wrangler:info] GET /api/stats 200 OK (4ms)
[wrangler:info] GET /api/patients 200 OK (5ms)
[wrangler:info] GET /api/vitals/P001 200 OK (5ms)
[wrangler:info] GET /api/patients/P001 200 OK (4ms)
[wrangler:info] GET /api/patients 200 OK (7ms)
[wrangler:info] GET /api/stats 200 OK (6ms)
[wrangler:info] GET /api/stats 200 OK (5ms)
[wrangler:info] GET /api/vitals/P006 200 OK (4ms)
[wrangler:info] GET /api/patients/P006 200 OK (4ms)
[wrangler:info] GET /api/stats 200 OK (9ms)
[wrangler:info] GET /api/patients 200 OK (13ms)
[wrangler:info] GET /api/vitals/P001 200 OK (5ms)
[wrangler:info] GET /api/patients/P001 200 OK (4ms)
[wrangler:info] GET /api/stats 200 OK (5ms)
[wrangler:info] GET /api/patients 200 OK (5ms)
[wrangler:info] GET /api/vitals/P006 200 OK (5ms)
[wrangler:info] GET /api/patients/P006 200 OK (4ms)
[wrangler:info] GET /api/stats 200 OK (4ms)
[wrangler:info] GET /api/patients 200 OK (4ms)
[wrangler:info] GET /api/stats 200 OK (5ms)
[wrangler:info] GET /api/stats 200 OK (5ms)
[wrangler:info] GET /api/vitals/P001 200 OK (5ms)
[wrangler:info] GET /api/patients/P001 200 OK (7ms)
[wrangler:info] GET /api/stats 200 OK (6ms)
[wrangler:info] GET /api/patients 200 OK (4ms)
[wrangler:info] GET /api/vitals/P006 200 OK (5ms)
[wrangler:info] GET /api/patients/P006 200 OK (4ms)
[wrangler:info] GET /api/patients 200 OK (5ms)
[wrangler:info] GET /api/stats 200 OK (5ms)
[wrangler:info] GET /api/vitals/P001 200 OK (5ms)
[wrangler:info] GET /api/patients/P001 200 OK (5ms)
[wrangler:info] GET /api/stats 200 OK (7ms)
[wrangler:info] GET /api/patients 200 OK (5ms)
[wrangler:info] GET /api/vitals/P006 200 OK (9ms)
[wrangler:info] GET /api/patients/P006 200 OK (6ms)
[wrangler:info] GET /api/patients 200 OK (4ms)
[wrangler:info] GET /api/stats 200 OK (5ms)
[wrangler:info] GET /api/stats 200 OK (5ms)
[wrangler:info] GET /api/stats 200 OK (5ms)
[wrangler:info] GET /api/vitals/P001 200 OK (5ms)
[wrangler:info] GET /api/patients/P001 200 OK (5ms)
[wrangler:info] GET /api/stats 200 OK (7ms)
[wrangler:info] GET /api/patients 200 OK (4ms)
[wrangler:info] GET /api/vitals/P006 200 OK (5ms)
[wrangler:info] GET /api/patients/P006 200 OK (5ms)
[wrangler:info] GET /api/patients 200 OK (5ms)
[wrangler:info] GET /api/stats 200 OK (7ms)
[wrangler:info] GET /api/stats 200 OK (5ms)
[wrangler:info] GET /api/vitals/P001 200 OK (4ms)
[wrangler:info] GET /api/patients/P001 200 OK (5ms)
[wrangler:info] GET /api/stats 200 OK (4ms)
[wrangler:info] GET /api/patients 200 OK (5ms)
[wrangler:info] GET /api/vitals/P006 200 OK (5ms)
[wrangler:info] GET /api/stats 200 OK (4ms)
[wrangler:info] GET /api/patients/P006 200 OK (5ms)
[wrangler:info] GET /api/patients 200 OK (5ms)
[wrangler:info] GET /api/stats 200 OK (5ms)
[wrangler:info] GET /api/vitals/P001 200 OK (5ms)
[wrangler:info] GET /api/patients/P001 200 OK (6ms)
[wrangler:info] GET /api/patients 200 OK (8ms)
[wrangler:info] GET /api/stats 200 OK (10ms)
[wrangler:info] GET /api/vitals/P006 200 OK (5ms)
[wrangler:info] GET /api/patients/P006 200 OK (5ms)
[wrangler:info] GET /api/stats 200 OK (6ms)
[wrangler:info] GET /api/patients 200 OK (8ms)
[wrangler:info] GET /api/stats 200 OK (5ms)
[wrangler:info] GET /api/stats 200 OK (5ms)
[wrangler:info] GET /api/vitals/P001 200 OK (8ms)
[wrangler:info] GET /api/patients/P001 200 OK (11ms)
[wrangler:info] GET /api/stats 200 OK (5ms)
[wrangler:info] GET /api/patients 200 OK (4ms)
[wrangler:info] GET /api/vitals/P006 200 OK (5ms)
[wrangler:info] GET /api/patients/P006 200 OK (5ms)
[wrangler:info] GET /api/stats 200 OK (4ms)
[wrangler:info] GET /api/patients 200 OK (4ms)
[wrangler:info] GET /api/vitals/P001 200 OK (4ms)
[wrangler:info] GET /api/patients/P001 200 OK (6ms)
[wrangler:info] GET /api/patients 200 OK (7ms)
[wrangler:info] GET /api/stats 200 OK (8ms)
[wrangler:info] GET /api/vitals/P006 200 OK (5ms)
[wrangler:info] GET /api/patients/P006 200 OK (6ms)
[wrangler:info] GET /api/stats 200 OK (6ms)
[wrangler:info] GET /api/patients 200 OK (8ms)
[wrangler:info] GET /api/stats 200 OK (8ms)
[wrangler:info] GET /api/stats 200 OK (3ms)
[wrangler:info] GET /api/vitals/P001 200 OK (4ms)
[wrangler:info] GET /api/patients/P001 200 OK (5ms)
[wrangler:info] GET /api/patients 200 OK (7ms)
[wrangler:info] GET /api/stats 200 OK (6ms)
[wrangler:info] GET /api/vitals/P006 200 OK (5ms)
[wrangler:info] GET /api/patients/P006 200 OK (4ms)
[wrangler:info] GET /api/stats 200 OK (4ms)
[wrangler:info] GET /api/patients 200 OK (5ms)
[wrangler:info] GET /api/vitals/P001 200 OK (5ms)
[wrangler:info] GET /api/stats 200 OK (4ms)
[wrangler:info] GET /api/patients/P001 200 OK (4ms)
[wrangler:info] GET /api/patients 200 OK (7ms)
[wrangler:info] GET /api/stats 200 OK (10ms)
[wrangler:info] GET /api/vitals/P006 200 OK (6ms)
[wrangler:info] GET /api/stats 200 OK (8ms)
[wrangler:info] GET /api/patients/P006 200 OK (4ms)
[wrangler:info] GET /api/stats 200 OK (7ms)
[wrangler:info] GET /api/patients 200 OK (6ms)
[wrangler:info] GET /api/vitals/P001 200 OK (9ms)
[wrangler:info] GET /api/patients/P001 200 OK (5ms)
[wrangler:info] GET /api/stats 200 OK (5ms)
[wrangler:info] GET /api/patients 200 OK (5ms)
[wrangler:info] GET /api/vitals/P006 200 OK (5ms)
[wrangler:info] GET /api/patients/P006 200 OK (5ms)
[wrangler:info] GET /api/stats 200 OK (5ms)
[wrangler:info] GET /api/patients 200 OK (9ms)
[wrangler:info] GET /api/stats 200 OK (5ms)
[wrangler:info] GET /api/stats 200 OK (5ms)
[wrangler:info] GET /api/vitals/P001 200 OK (5ms)
[wrangler:info] GET /api/patients/P001 200 OK (7ms)
[wrangler:info] GET /api/stats 200 OK (7ms)
[wrangler:info] GET /api/patients 200 OK (6ms)
[wrangler:info] GET /api/vitals/P006 200 OK (6ms)
[wrangler:info] GET /api/patients/P006 200 OK (6ms)
[wrangler:info] GET /api/stats 200 OK (5ms)
[wrangler:info] GET /api/patients 200 OK (9ms)
[wrangler:info] GET /api/vitals/P001 200 OK (5ms)
[wrangler:info] GET /api/patients/P001 200 OK (4ms)
[wrangler:info] GET /api/patients 200 OK (5ms)
[wrangler:info] GET /api/stats 200 OK (6ms)
[wrangler:info] GET /api/vitals/P006 200 OK (5ms)
[wrangler:info] GET /api/patients/P006 200 OK (5ms)
[wrangler:info] GET /api/stats 200 OK (4ms)
[wrangler:info] GET /api/patients 200 OK (5ms)
[wrangler:info] GET /api/stats 200 OK (4ms)
[wrangler:info] GET /api/stats 200 OK (4ms)
[wrangler:info] GET /api/vitals/P001 200 OK (5ms)
[wrangler:info] GET /api/patients/P001 200 OK (7ms)
[wrangler:info] GET /api/stats 200 OK (7ms)
[wrangler:info] GET /api/patients 200 OK (5ms)
[wrangler:info] GET /api/vitals/P006 200 OK (6ms)
[wrangler:info] GET /api/patients/P006 200 OK (5ms)
[wrangler:info] GET /api/patients 200 OK (6ms)
[wrangler:info] GET /api/stats 200 OK (7ms)
[wrangler:info] GET /api/vitals/P001 200 OK (9ms)
[wrangler:info] GET /api/stats 200 OK (7ms)
[wrangler:info] GET /api/patients/P001 200 OK (4ms)
[wrangler:info] GET /api/stats 200 OK (6ms)
[wrangler:info] GET /api/patients 200 OK (5ms)
[wrangler:info] GET /api/stats 200 OK (5ms)
[wrangler:info] GET /api/vitals/P006 200 OK (4ms)
[wrangler:info] GET /api/patients/P006 200 OK (4ms)
[wrangler:info] GET /api/stats 200 OK (4ms)
[wrangler:info] GET /api/patients 200 OK (4ms)
[wrangler:info] GET /api/vitals/P001 200 OK (5ms)
[wrangler:info] GET /api/patients/P001 200 OK (7ms)
[wrangler:info] GET /api/patients 200 OK (5ms)
[wrangler:info] GET /api/stats 200 OK (6ms)
[wrangler:info] GET /api/vitals/P006 200 OK (5ms)
[wrangler:info] GET /api/patients/P006 200 OK (5ms)
[wrangler:info] GET /api/patients 200 OK (4ms)
[wrangler:info] GET /api/stats 200 OK (4ms)
[wrangler:info] GET /api/stats 200 OK (4ms)
[wrangler:info] GET /api/stats 200 OK (8ms)
[wrangler:info] GET /api/vitals/P001 200 OK (5ms)
[wrangler:info] GET /api/patients/P001 200 OK (4ms)
[wrangler:info] GET /api/patients 200 OK (6ms)
[wrangler:info] GET /api/stats 200 OK (5ms)
[wrangler:info] GET /api/vitals/P006 200 OK (5ms)
[wrangler:info] GET /api/patients/P006 200 OK (5ms)
[wrangler:info] GET /api/stats 200 OK (5ms)
[wrangler:info] GET /api/patients 200 OK (5ms)
[wrangler:info] GET /api/vitals/P001 200 OK (5ms)
[wrangler:info] GET /api/patients/P001 200 OK (5ms)
[wrangler:info] GET /api/stats 200 OK (8ms)
[wrangler:info] GET /api/patients 200 OK (5ms)
[wrangler:info] GET /api/stats 200 OK (5ms)
[wrangler:info] GET /api/vitals/P001 200 OK (5ms)
[wrangler:info] GET /api/patients/P001 200 OK (4ms)
[wrangler:info] GET /api/stats 200 OK (6ms)
[wrangler:info] GET /api/patients 200 OK (5ms)
[wrangler:info] GET /api/vitals/P001 200 OK (10ms)
[wrangler:info] GET /api/stats 200 OK (9ms)
[wrangler:info] GET /api/patients/P001 200 OK (5ms)
[wrangler:info] GET /api/stats 200 OK (5ms)
[wrangler:info] GET /api/patients 200 OK (6ms)
[wrangler:info] GET /api/vitals/P001 200 OK (5ms)
[wrangler:info] GET /api/patients/P001 200 OK (5ms)
[wrangler:info] GET /api/stats 200 OK (5ms)
[wrangler:info] GET /api/patients 200 OK (6ms)
[wrangler:info] GET /api/stats 200 OK (5ms)
[wrangler:info] GET /api/vitals/P001 200 OK (5ms)
[wrangler:info] GET /api/patients/P001 200 OK (4ms)
[wrangler:info] GET /api/patients 200 OK (7ms)
[wrangler:info] GET /api/stats 200 OK (8ms)
[wrangler:info] GET /api/vitals/P001 200 OK (5ms)
[wrangler:info] GET /api/patients/P001 200 OK (5ms)
[wrangler:info] GET /api/patients 200 OK (5ms)
[wrangler:info] GET /api/stats 200 OK (5ms)
[wrangler:info] GET /api/stats 200 OK (4ms)
[wrangler:info] GET /api/vitals/P001 200 OK (9ms)
[wrangler:info] GET /api/patients/P001 200 OK (5ms)
[wrangler:info] GET /api/stats 200 OK (5ms)
[wrangler:info] GET /api/patients 200 OK (5ms)
[wrangler:info] GET /api/vitals/P001 200 OK (6ms)
[wrangler:info] GET /api/stats 200 OK (9ms)
[wrangler:info] GET /api/patients/P001 200 OK (5ms)
[wrangler:info] GET /api/stats 200 OK (5ms)
[wrangler:info] GET /api/patients 200 OK (5ms)
[wrangler:info] GET /api/vitals/P001 200 OK (5ms)
[wrangler:info] GET /api/patients/P001 200 OK (5ms)
[wrangler:info] GET /api/patients 200 OK (7ms)
[wrangler:info] GET /api/stats 200 OK (5ms)
[wrangler:info] GET /api/stats 200 OK (4ms)
[wrangler:info] GET /api/vitals/P001 200 OK (5ms)
[wrangler:info] GET /api/patients/P001 200 OK (4ms)
[wrangler:info] GET /api/stats 200 OK (8ms)
[wrangler:info] GET /api/patients 200 OK (5ms)
[wrangler:info] GET /api/vitals/P001 200 OK (7ms)
[wrangler:info] GET /api/patients/P001 200 OK (5ms)
[wrangler:info] GET /api/stats 200 OK (6ms)
[wrangler:info] GET /api/patients 200 OK (4ms)
[wrangler:info] GET /api/stats 200 OK (5ms)
[wrangler:info] GET /api/vitals/P001 200 OK (5ms)
[wrangler:info] GET /api/patients/P001 200 OK (4ms)
[wrangler:info] GET /api/stats 200 OK (5ms)
[wrangler:info] GET /api/patients 200 OK (5ms)
[wrangler:info] GET /api/vitals/P001 200 OK (6ms)
[wrangler:info] GET /api/stats 200 OK (4ms)
[wrangler:info] GET /api/patients/P001 200 OK (7ms)
[wrangler:info] GET /api/stats 200 OK (8ms)
[wrangler:info] GET /api/patients 200 OK (7ms)
[wrangler:info] GET /api/vitals/P001 200 OK (6ms)
[wrangler:info] GET /api/patients/P001 200 OK (4ms)
[wrangler:info] GET /api/stats 200 OK (4ms)
[wrangler:info] GET /api/patients 200 OK (5ms)
[wrangler:info] GET /api/stats 200 OK (4ms)
[wrangler:info] GET /api/vitals/P001 200 OK (6ms)
[wrangler:info] GET /api/patients/P001 200 OK (9ms)
[wrangler:info] GET /api/stats 200 OK (6ms)
[wrangler:info] GET /api/patients 200 OK (9ms)
[wrangler:info] GET /api/vitals/P001 200 OK (5ms)
[wrangler:info] GET /api/patients/P001 200 OK (5ms)
[wrangler:info] GET /api/stats 200 OK (6ms)
[wrangler:info] GET /api/patients 200 OK (7ms)
[wrangler:info] GET /api/stats 200 OK (5ms)
[wrangler:info] GET /api/vitals/P001 200 OK (5ms)
[wrangler:info] GET /api/patients/P001 200 OK (5ms)
[wrangler:info] GET /api/stats 200 OK (6ms)
[wrangler:info] GET /api/patients 200 OK (5ms)
[wrangler:info] GET /api/vitals/P001 200 OK (10ms)
[wrangler:info] GET /api/stats 200 OK (9ms)
[wrangler:info] GET /api/patients/P001 200 OK (4ms)
[wrangler:info] GET /api/patients 200 OK (5ms)
[wrangler:info] GET /api/stats 200 OK (5ms)
[wrangler:info] GET /api/vitals/P001 200 OK (5ms)
[wrangler:info] GET /api/patients/P001 200 OK (4ms)
[wrangler:info] GET /api/stats 200 OK (7ms)
[wrangler:info] GET /api/patients 200 OK (5ms)
[wrangler:info] GET /api/vitals/P006 200 OK (5ms)
[wrangler:info] GET /api/stats 200 OK (5ms)
[wrangler:info] GET /api/patients/P006 200 OK (5ms)
[wrangler:info] GET /api/stats 200 OK (4ms)
[wrangler:info] GET /api/stats 200 OK (4ms)
[wrangler:info] GET /api/patients 200 OK (5ms)
[wrangler:info] GET /api/vitals/P001 200 OK (5ms)
[wrangler:info] GET /api/patients/P001 200 OK (7ms)
[wrangler:info] GET /api/stats 200 OK (9ms)
[wrangler:info] GET /api/patients 200 OK (12ms)
[wrangler:info] GET /api/vitals/P001 200 OK (5ms)
[wrangler:info] GET /api/patients/P001 200 OK (5ms)
[wrangler:info] GET /api/stats 200 OK (6ms)
[wrangler:info] GET /api/patients 200 OK (5ms)
[wrangler:info] GET /api/stats 200 OK (5ms)
[wrangler:info] GET /api/vitals/P001 200 OK (5ms)
[wrangler:info] GET /api/patients/P001 200 OK (8ms)
[wrangler:info] GET /api/stats 200 OK (5ms)
[wrangler:info] GET /api/patients 200 OK (4ms)
[wrangler:info] GET /api/vitals/P001 200 OK (5ms)
[wrangler:info] GET /api/stats 200 OK (5ms)
[wrangler:info] GET /api/patients/P001 200 OK (4ms)
[wrangler:info] GET /api/patients 200 OK (6ms)
[wrangler:info] GET /api/stats 200 OK (4ms)
[wrangler:info] GET /api/vitals/P001 200 OK (5ms)
[wrangler:info] GET /api/patients/P001 200 OK (8ms)
[wrangler:info] GET /api/stats 200 OK (5ms)
[wrangler:info] GET /api/patients 200 OK (8ms)
[wrangler:info] GET /api/stats 200 OK (5ms)
[wrangler:info] GET /api/vitals/P001 200 OK (5ms)
[wrangler:info] GET /api/patients/P001 200 OK (4ms)
[wrangler:info] GET /api/stats 200 OK (5ms)
[wrangler:info] GET /api/patients 200 OK (4ms)
[wrangler:info] GET /api/vitals/P001 200 OK (8ms)
[wrangler:info] GET /api/patients/P001 200 OK (5ms)
[wrangler:info] GET /api/stats 200 OK (7ms)
[wrangler:info] GET /api/patients 200 OK (9ms)
[wrangler:info] GET /api/stats 200 OK (4ms)
[wrangler:info] GET /api/vitals/P001 200 OK (6ms)
[wrangler:info] GET /api/patients/P001 200 OK (5ms)
[wrangler:info] GET /api/stats 200 OK (5ms)
[wrangler:info] GET /api/patients 200 OK (5ms)
[wrangler:info] GET /api/vitals/P001 200 OK (5ms)
[wrangler:info] GET /api/stats 200 OK (6ms)
[wrangler:info] GET /api/patients/P001 200 OK (7ms)
[wrangler:info] GET /api/patients 200 OK (5ms)
[wrangler:info] GET /api/stats 200 OK (7ms)
[wrangler:info] GET /api/vitals/P001 200 OK (5ms)
[wrangler:info] GET /api/patients/P001 200 OK (5ms)
[wrangler:info] GET /api/stats 200 OK (5ms)
[wrangler:info] GET /api/patients 200 OK (4ms)
[wrangler:info] GET /api/stats 200 OK (5ms)
[wrangler:info] GET /api/vitals/P001 200 OK (5ms)
[wrangler:info] GET /api/patients/P001 200 OK (9ms)
[wrangler:info] GET /api/stats 200 OK (4ms)
[wrangler:info] GET /api/patients 200 OK (5ms)
[wrangler:info] GET /api/vitals/P001 200 OK (4ms)
[wrangler:info] GET /api/patients/P001 200 OK (4ms)
[wrangler:info] GET /api/stats 200 OK (5ms)
[wrangler:info] GET /api/patients 200 OK (6ms)
[wrangler:info] GET /api/stats 200 OK (6ms)
[wrangler:info] GET /api/vitals/P001 200 OK (5ms)
[wrangler:info] GET /api/patients/P001 200 OK (8ms)
[wrangler:info] GET /api/stats 200 OK (9ms)
[wrangler:info] GET /api/patients 200 OK (9ms)
[wrangler:info] GET /api/vitals/P001 200 OK (6ms)
[wrangler:info] GET /api/stats 200 OK (5ms)
[wrangler:info] GET /api/patients/P001 200 OK (5ms)
[wrangler:info] GET /api/patients 200 OK (6ms)
[wrangler:info] GET /api/stats 200 OK (8ms)
[wrangler:info] GET /api/vitals/P001 200 OK (5ms)
[wrangler:info] GET /api/patients/P001 200 OK (4ms)
[wrangler:info] GET /api/stats 200 OK (5ms)
[wrangler:info] GET /api/patients 200 OK (4ms)
[wrangler:info] GET /api/stats 200 OK (5ms)
[wrangler:info] GET /api/vitals/P001 200 OK (5ms)
[wrangler:info] GET /api/patients/P001 200 OK (5ms)
[wrangler:info] GET /api/patients 200 OK (4ms)
[wrangler:info] GET /api/stats 200 OK (5ms)
[wrangler:info] GET /api/vitals/P001 200 OK (5ms)
[wrangler:info] GET /api/patients/P001 200 OK (5ms)
[wrangler:info] GET /api/patients 200 OK (7ms)
[wrangler:info] GET /api/stats 200 OK (5ms)
[wrangler:info] GET /api/stats 200 OK (4ms)
[wrangler:info] GET /api/vitals/P001 200 OK (5ms)
[wrangler:info] GET /api/patients/P001 200 OK (5ms)
[wrangler:info] GET /api/patients 200 OK (6ms)
[wrangler:info] GET /api/stats 200 OK (8ms)
[wrangler:info] GET /api/vitals/P001 200 OK (6ms)
[wrangler:info] GET /api/stats 200 OK (5ms)
[wrangler:info] GET /api/patients/P001 200 OK (8ms)
[wrangler:info] GET /api/stats 200 OK (4ms)
[wrangler:info] GET /api/patients 200 OK (4ms)
[wrangler:info] GET /api/vitals/P001 200 OK (5ms)
[wrangler:info] GET /api/patients/P001 200 OK (5ms)
[wrangler:info] GET /api/stats 200 OK (4ms)
[wrangler:info] GET /api/patients 200 OK (4ms)
[wrangler:info] GET /api/vitals/P006 200 OK (5ms)
[wrangler:info] GET /api/stats 200 OK (5ms)
[wrangler:info] GET /api/patients/P006 200 OK (5ms)
[wrangler:info] GET /api/stats 200 OK (11ms)
[wrangler:info] GET /api/patients 200 OK (4ms)
[wrangler:info] GET /api/stats 200 OK (4ms)
[wrangler:info] GET /api/vitals/P001 200 OK (5ms)
[wrangler:info] GET /api/patients/P001 200 OK (4ms)
[wrangler:info] GET /api/patients 200 OK (6ms)
[wrangler:info] GET /api/stats 200 OK (10ms)
[wrangler:info] GET /api/vitals/P001 200 OK (7ms)
[wrangler:info] GET /api/patients/P001 200 OK (4ms)
[wrangler:info] GET /api/stats 200 OK (6ms)
[wrangler:info] GET /api/patients 200 OK (8ms)
[wrangler:info] GET /api/stats 200 OK (4ms)
[wrangler:info] GET /api/vitals/P001 200 OK (5ms)
[wrangler:info] GET /api/patients/P001 200 OK (4ms)
[wrangler:info] GET /api/stats 200 OK (4ms)
[wrangler:info] GET /api/patients 200 OK (5ms)
[wrangler:info] GET /api/vitals/P001 200 OK (5ms)
[wrangler:info] GET /api/stats 200 OK (5ms)
[wrangler:info] GET /api/patients/P001 200 OK (7ms)
[wrangler:info] GET /api/patients 200 OK (6ms)
[wrangler:info] GET /api/stats 200 OK (8ms)
[wrangler:info] GET /api/vitals/P001 200 OK (5ms)
[wrangler:info] GET /api/patients/P001 200 OK (5ms)
[wrangler:info] GET /api/patients 200 OK (6ms)
[wrangler:info] GET /api/stats 200 OK (8ms)
[wrangler:info] GET /api/stats 200 OK (4ms)
[wrangler:info] GET /api/vitals/P001 200 OK (5ms)
[wrangler:info] GET /api/patients/P001 200 OK (9ms)
[wrangler:info] GET /api/stats 200 OK (6ms)
[wrangler:info] GET /api/patients 200 OK (7ms)
[wrangler:info] GET /api/vitals/P001 200 OK (5ms)
[wrangler:info] GET /api/patients/P001 200 OK (5ms)
[wrangler:info] GET /api/stats 200 OK (4ms)
[wrangler:info] GET /api/patients 200 OK (5ms)
[wrangler:info] GET /api/stats 200 OK (5ms)
[wrangler:info] GET /api/vitals/P001 200 OK (5ms)
[wrangler:info] GET /api/patients/P001 200 OK (4ms)
[wrangler:info] GET /api/stats 200 OK (7ms)
[wrangler:info] GET /api/patients 200 OK (5ms)
[wrangler:info] GET /api/stats 200 OK (4ms)
[wrangler:info] GET /api/vitals/P001 200 OK (5ms)
[wrangler:info] GET /api/patients/P001 200 OK (4ms)
[wrangler:info] GET /api/patients 200 OK (5ms)
[wrangler:info] GET /api/stats 200 OK (8ms)
[wrangler:info] GET /api/vitals/P001 200 OK (5ms)
[wrangler:info] GET /api/patients/P001 200 OK (5ms)
[wrangler:info] GET /api/stats 200 OK (5ms)
[wrangler:info] GET /api/patients 200 OK (4ms)
[wrangler:info] GET /api/stats 200 OK (4ms)
[wrangler:info] GET /api/vitals/P001 200 OK (5ms)
[wrangler:info] GET /api/patients/P001 200 OK (6ms)
[wrangler:info] GET /api/patients 200 OK (4ms)
[wrangler:info] GET /api/stats 200 OK (5ms)
[wrangler:info] GET /api/vitals/P001 200 OK (5ms)
[wrangler:info] GET /api/patients/P001 200 OK (5ms)
[wrangler:info] GET /api/stats 200 OK (8ms)
[wrangler:info] GET /api/patients 200 OK (6ms)
[wrangler:info] GET /api/stats 200 OK (5ms)
[wrangler:info] GET /api/vitals/P001 200 OK (5ms)
[wrangler:info] GET /api/patients/P001 200 OK (5ms)
[wrangler:info] GET /api/stats 200 OK (5ms)
[wrangler:info] GET /api/patients 200 OK (4ms)
[wrangler:info] GET /api/stats 200 OK (5ms)
[wrangler:info] GET /api/vitals/P001 200 OK (6ms)
[wrangler:info] GET /api/patients/P001 200 OK (5ms)
[wrangler:info] GET /api/patients 200 OK (9ms)
[wrangler:info] GET /api/stats 200 OK (11ms)
[wrangler:info] GET /api/vitals/P001 200 OK (5ms)
[wrangler:info] GET /api/patients/P001 200 OK (5ms)
[wrangler:info] GET /api/stats 200 OK (6ms)
[wrangler:info] GET /api/patients 200 OK (5ms)
[wrangler:info] GET /api/stats 200 OK (9ms)
[wrangler:info] GET /api/vitals/P001 200 OK (6ms)
[wrangler:info] GET /api/patients/P001 200 OK (7ms)
[wrangler:info] GET /api/stats 200 OK (4ms)
[wrangler:info] GET /api/patients 200 OK (5ms)
[wrangler:info] GET /api/vitals/P001 200 OK (4ms)
[wrangler:info] GET /api/patients/P001 200 OK (4ms)
[wrangler:info] GET /api/patients 200 OK (5ms)
[wrangler:info] GET /api/stats 200 OK (4ms)
[wrangler:info] GET /api/stats 200 OK (7ms)
